<?xml version="1.0" encoding="UTF-8"?>
<testsuite xmlns:xsi="http://www.w3.org/2001/XMLSchema-instance" xsi:noNamespaceSchemaLocation="https://maven.apache.org/surefire/maven-surefire-plugin/xsd/surefire-test-report.xsd" name="com.rubypaper.biz.client.CriteriaSearchClient" time="1.946" tests="1" errors="1" skipped="0" failures="0">
  <properties>
[...]
</properties>
  <testcase name="run" classname="com.rubypaper.biz.client.CriteriaSearchClient" time="1.925">
    <error message="Unable to create requested service [org.hibernate.engine.jdbc.env.spi.JdbcEnvironment]" type="org.hibernate.service.spi.ServiceException">org.hibernate.service.spi.ServiceException: Unable to create requested service [org.hibernate.engine.jdbc.env.spi.JdbcEnvironment]
	at com.rubypaper.biz.client.CriteriaSearchClient.run(CriteriaSearchClient.java:23)
Caused by: org.hibernate.exception.JDBCConnectionException: Error calling Driver#connect
	at com.rubypaper.biz.client.CriteriaSearchClient.run(CriteriaSearchClient.java:23)
Caused by: org.h2.jdbc.JdbcSQLNonTransientConnectionException: Connection is broken: "java.net.ConnectException: Connection refused: no further information: localhost" [90067-199]
	at com.rubypaper.biz.client.CriteriaSearchClient.run(CriteriaSearchClient.java:23)
Caused by: java.net.ConnectException: Connection refused: no further information
	at com.rubypaper.biz.client.CriteriaSearchClient.run(CriteriaSearchClient.java:23)
</error>
    <system-err><![CDATA[log4j:WARN No appenders could be found for logger (org.jboss.logging).
log4j:WARN Please initialize the log4j system properly.
log4j:WARN See http://logging.apache.org/log4j/1.2/faq.html#noconfig for more info.
]]></system-err>
  </testcase>
</testsuite>