<?xml version="1.0" encoding="UTF-8"?>
<testsuite xmlns:xsi="http://www.w3.org/2001/XMLSchema-instance" xsi:noNamespaceSchemaLocation="https://maven.apache.org/surefire/maven-surefire-plugin/xsd/surefire-test-report.xsd" name="com.rubypaper.biz.client.EmployeeServiceClient" time="1.939" tests="1" errors="1" skipped="0" failures="0">
  <properties>
[...]
</properties>
  <testcase name="run" classname="com.rubypaper.biz.client.EmployeeServiceClient" time="1.916">
    <error message="Unable to create requested service [org.hibernate.engine.jdbc.env.spi.JdbcEnvironment]" type="org.hibernate.service.spi.ServiceException">org.hibernate.service.spi.ServiceException: Unable to create requested service [org.hibernate.engine.jdbc.env.spi.JdbcEnvironment]
	at com.rubypaper.biz.client.EmployeeServiceClient.run(EmployeeServiceClient.java:30)
Caused by: org.hibernate.exception.JDBCConnectionException: Error calling Driver#connect
	at com.rubypaper.biz.client.EmployeeServiceClient.run(EmployeeServiceClient.java:30)
Caused by: org.h2.jdbc.JdbcSQLNonTransientConnectionException: Connection is broken: "java.net.ConnectException: Connection refused: no further information: localhost" [90067-199]
	at com.rubypaper.biz.client.EmployeeServiceClient.run(EmployeeServiceClient.java:30)
Caused by: java.net.ConnectException: Connection refused: no further information
	at com.rubypaper.biz.client.EmployeeServiceClient.run(EmployeeServiceClient.java:30)
</error>
    <system-err><![CDATA[7월 15, 2024 11:07:44 오전 org.hibernate.jpa.internal.util.LogHelper logPersistenceUnitInformation
INFO: HHH000204: Processing PersistenceUnitInfo [name: Chapter02]
7월 15, 2024 11:07:44 오전 org.hibernate.Version logVersion
INFO: HHH000412: Hibernate Core {5.4.9.Final}
7월 15, 2024 11:07:44 오전 org.hibernate.annotations.common.reflection.java.JavaReflectionManager <clinit>
INFO: HCANN000001: Hibernate Commons Annotations {5.1.0.Final}
7월 15, 2024 11:07:44 오전 org.hibernate.engine.jdbc.connections.internal.DriverManagerConnectionProviderImpl configure
WARN: HHH10001002: Using Hibernate built-in connection pool (not for production use!)
7월 15, 2024 11:07:44 오전 org.hibernate.engine.jdbc.connections.internal.DriverManagerConnectionProviderImpl buildCreator
INFO: HHH10001005: using driver [org.h2.Driver] at URL [jdbc:h2:tcp://localhost/~/test]
7월 15, 2024 11:07:44 오전 org.hibernate.engine.jdbc.connections.internal.DriverManagerConnectionProviderImpl buildCreator
INFO: HHH10001001: Connection properties: {password=****, user=sa}
7월 15, 2024 11:07:44 오전 org.hibernate.engine.jdbc.connections.internal.DriverManagerConnectionProviderImpl buildCreator
INFO: HHH10001003: Autocommit mode: false
7월 15, 2024 11:07:44 오전 org.hibernate.engine.jdbc.connections.internal.DriverManagerConnectionProviderImpl$PooledConnections <init>
INFO: HHH000115: Hibernate connection pool size: 20 (min=1)
7월 15, 2024 11:07:46 오전 org.hibernate.engine.jdbc.env.internal.JdbcEnvironmentInitiator initiateService
WARN: HHH000342: Could not obtain connection to query metadata : Cannot invoke "org.hibernate.engine.jdbc.connections.internal.DriverManagerConnectionProviderImpl$PoolState.getConnection()" because "this.state" is null
7월 15, 2024 11:07:46 오전 org.hibernate.dialect.Dialect <init>
INFO: HHH000400: Using dialect: org.hibernate.dialect.H2Dialect
7월 15, 2024 11:07:46 오전 org.hibernate.engine.jdbc.spi.SqlExceptionHelper logExceptions
WARN: SQL Error: 90067, SQLState: 90067
7월 15, 2024 11:07:46 오전 org.hibernate.engine.jdbc.spi.SqlExceptionHelper logExceptions
ERROR: Connection is broken: "java.net.ConnectException: Connection refused: no further information: localhost" [90067-199]
]]></system-err>
  </testcase>
</testsuite>